*** Using Compiler 'V5.06 update 6 (build 750)', folder: 'D:\Keil_v5\ARM\ARMCC\Bin'
Build target 'Demo'
compiling config.c...
compiling task_irq.c...
compiling task_sysinit.c...
compiling ocd_fatfs.c...
compiling main.c...
compiling ocd_at24cxx.c...
compiling ocd_ds3231.c...
compiling task_userinit.c...
compiling usercode.c...
compiling ocd_ads1256.c...
compiling threadpool.c...
compiling dev_ps2.c...
compiling ocd_jy901.c...
compiling drv_hal_delay.c...
compiling drv_hal.c...
compiling algo_func.c...
compiling drv_hal_adc.c...
compiling board.c...
compiling drv_hal_gpio.c...
compiling ocd_sdcard.c...
compiling ocd_rm3100.c...
compiling ocd_oled.c...
compiling drv_hal_iic_soft.c...
compiling drv_hal_spi_soft.c...
compiling drv_hal_timer.c...
compiling drv_hal_pwm.c...
compiling drv_hal_spi.c...
compiling drv_hal_uart.c...
linking...
Program Size: Code=18080 RO-data=672 RW-data=680 ZI-data=17904  
".\Objects\STM32.axf" - 0 Error(s), 0 Warning(s).
Build Time Elapsed:  00:00:08
